This is pdfTeX, Version 3.141592653-2.6-1.40.26 (MiKTeX 24.4) (preloaded format=pdflatex 2025.2.16)  17 FEB 2025 20:51
entering extended mode
 restricted \write18 enabled.
 %&-line parsing enabled.
**./document.tex
(document.tex
LaTeX2e <2024-11-01> patch level 2
L3 programming layer <2025-01-18>
(C:\Users\ilian\AppData\Local\Programs\MiKTeX\tex/latex/base\article.cls
Document Class: article 2024/06/29 v1.4n Standard LaTeX document class
(C:\Users\ilian\AppData\Local\Programs\MiKTeX\tex/latex/base\size10.clo
File: size10.clo 2024/06/29 v1.4n Standard LaTeX file (size option)
)
\c@part=\count196
\c@section=\count197
\c@subsection=\count198
\c@subsubsection=\count199
\c@paragraph=\count266
\c@subparagraph=\count267
\c@figure=\count268
\c@table=\count269
\abovecaptionskip=\skip49
\belowcaptionskip=\skip50
\bibindent=\dimen141
)
(C:\Users\ilian\AppData\Local\Programs\MiKTeX\tex/latex/base\inputenc.sty
Package: inputenc 2024/02/08 v1.3d Input encoding file
\inpenc@prehook=\toks17
\inpenc@posthook=\toks18
)
(C:\Users\ilian\AppData\Local\Programs\MiKTeX\tex/generic/babel\babel.sty
Package: babel 2025/02/02 v25.3 The multilingual framework for pdfLaTeX, LuaLaT
eX and XeLaTeX
\babel@savecnt=\count270
\U@D=\dimen142
\l@unhyphenated=\language79

(C:\Users\ilian\AppData\Local\Programs\MiKTeX\tex/generic/babel\txtbabel.def)
\bbl@readstream=\read2
\bbl@dirlevel=\count271

*************************************
* Local config file bblopts.cfg used
*
(C:\Users\ilian\AppData\Local\Programs\MiKTeX\tex/latex/arabi\bblopts.cfg
File: bblopts.cfg 2005/09/08 v0.1 add Arabic and Farsi to "declared" options of
 babel
)
(C:\Users\ilian\AppData\Local\Programs\MiKTeX\tex/latex/babel-spanish\spanish.l
df
Language: spanish.ldf 2021/05/27 v5.0q Spanish support from the babel system
\es@quottoks=\toks19
\es@quotdepth=\count272
Package babel Info: Making " an active character on input line 570.
Package babel Info: Making . an active character on input line 675.
Package babel Info: Making < an active character on input line 722.
Package babel Info: Making > an active character on input line 722.
))
(C:\Users\ilian\AppData\Local\Programs\MiKTeX\tex/generic/babel/locale/es\babel
-spanish.tex
Package babel Info: Importing font and identification data for spanish
(babel)             from babel-es.ini. Reported on input line 11.
)
(C:\Users\ilian\AppData\Local\Programs\MiKTeX\tex/latex/graphics\graphicx.sty
Package: graphicx 2021/09/16 v1.2d Enhanced LaTeX Graphics (DPC,SPQR)

(C:\Users\ilian\AppData\Local\Programs\MiKTeX\tex/latex/graphics\keyval.sty
Package: keyval 2022/05/29 v1.15 key=value parser (DPC)
\KV@toks@=\toks20
)
(C:\Users\ilian\AppData\Local\Programs\MiKTeX\tex/latex/graphics\graphics.sty
Package: graphics 2024/08/06 v1.4g Standard LaTeX Graphics (DPC,SPQR)

(C:\Users\ilian\AppData\Local\Programs\MiKTeX\tex/latex/graphics\trig.sty
Package: trig 2023/12/02 v1.11 sin cos tan (DPC)
)
(C:\Users\ilian\AppData\Local\Programs\MiKTeX\tex/latex/graphics-cfg\graphics.c
fg
File: graphics.cfg 2016/06/04 v1.11 sample graphics configuration
)
Package graphics Info: Driver file: pdftex.def on input line 106.

(C:\Users\ilian\AppData\Local\Programs\MiKTeX\tex/latex/graphics-def\pdftex.def
File: pdftex.def 2024/04/13 v1.2c Graphics/color driver for pdftex
))
\Gin@req@height=\dimen143
\Gin@req@width=\dimen144
)
(C:\Users\ilian\AppData\Local\Programs\MiKTeX\tex/latex/hyperref\hyperref.sty
Package: hyperref 2024-11-05 v7.01l Hypertext links for LaTeX

(C:\Users\ilian\AppData\Local\Programs\MiKTeX\tex/generic/iftex\iftex.sty
Package: iftex 2024/12/12 v1.0g TeX engine tests
)
(C:\Users\ilian\AppData\Local\Programs\MiKTeX\tex/latex/kvsetkeys\kvsetkeys.sty
Package: kvsetkeys 2022-10-05 v1.19 Key value parser (HO)
)
(C:\Users\ilian\AppData\Local\Programs\MiKTeX\tex/generic/kvdefinekeys\kvdefine
keys.sty
Package: kvdefinekeys 2019-12-19 v1.6 Define keys (HO)
)
(C:\Users\ilian\AppData\Local\Programs\MiKTeX\tex/generic/pdfescape\pdfescape.s
ty
Package: pdfescape 2019/12/09 v1.15 Implements pdfTeX's escape features (HO)

(C:\Users\ilian\AppData\Local\Programs\MiKTeX\tex/generic/ltxcmds\ltxcmds.sty
Package: ltxcmds 2023-12-04 v1.26 LaTeX kernel commands for general use (HO)
)
(C:\Users\ilian\AppData\Local\Programs\MiKTeX\tex/generic/pdftexcmds\pdftexcmds
.sty
Package: pdftexcmds 2020-06-27 v0.33 Utility functions of pdfTeX for LuaTeX (HO
)

(C:\Users\ilian\AppData\Local\Programs\MiKTeX\tex/generic/infwarerr\infwarerr.s
ty
Package: infwarerr 2019/12/03 v1.5 Providing info/warning/error messages (HO)
)
Package pdftexcmds Info: \pdf@primitive is available.
Package pdftexcmds Info: \pdf@ifprimitive is available.
Package pdftexcmds Info: \pdfdraftmode found.
))
(C:\Users\ilian\AppData\Local\Programs\MiKTeX\tex/latex/hycolor\hycolor.sty
Package: hycolor 2020-01-27 v1.10 Color options for hyperref/bookmark (HO)
)
(C:\Users\ilian\AppData\Local\Programs\MiKTeX\tex/latex/hyperref\nameref.sty
Package: nameref 2023-11-26 v2.56 Cross-referencing by name of section

(C:\Users\ilian\AppData\Local\Programs\MiKTeX\tex/latex/refcount\refcount.sty
Package: refcount 2019/12/15 v3.6 Data extraction from label references (HO)
)
(C:\Users\ilian\AppData\Local\Programs\MiKTeX\tex/generic/gettitlestring\gettit
lestring.sty
Package: gettitlestring 2019/12/15 v1.6 Cleanup title references (HO)

(C:\Users\ilian\AppData\Local\Programs\MiKTeX\tex/latex/kvoptions\kvoptions.sty
Package: kvoptions 2022-06-15 v3.15 Key value format for package options (HO)
))
\c@section@level=\count273
)
(C:\Users\ilian\AppData\Local\Programs\MiKTeX\tex/latex/etoolbox\etoolbox.sty
Package: etoolbox 2020/10/05 v2.5k e-TeX tools for LaTeX (JAW)
\etb@tempcnta=\count274
)
(C:\Users\ilian\AppData\Local\Programs\MiKTeX\tex/generic/stringenc\stringenc.s
ty
Package: stringenc 2019/11/29 v1.12 Convert strings between diff. encodings (HO
)
)
\@linkdim=\dimen145
\Hy@linkcounter=\count275
\Hy@pagecounter=\count276
 (C:\Users\ilian\AppData\Local\Programs\MiKTeX\tex/latex/hyperref\pd1enc.def
File: pd1enc.def 2024-11-05 v7.01l Hyperref: PDFDocEncoding definition (HO)
Now handling font encoding PD1 ...
... no UTF-8 mapping file for font encoding PD1
) (C:\Users\ilian\AppData\Local\Programs\MiKTeX\tex/generic/intcalc\intcalc.sty
Package: intcalc 2019/12/15 v1.3 Expandable calculations with integers (HO)
)
\Hy@SavedSpaceFactor=\count277
 (C:\Users\ilian\AppData\Local\Programs\MiKTeX\tex/latex/hyperref\puenc.def
File: puenc.def 2024-11-05 v7.01l Hyperref: PDF Unicode definition (HO)
Now handling font encoding PU ...
... no UTF-8 mapping file for font encoding PU
)
Package hyperref Info: Hyper figures OFF on input line 4157.
Package hyperref Info: Link nesting OFF on input line 4162.
Package hyperref Info: Hyper index ON on input line 4165.
Package hyperref Info: Plain pages OFF on input line 4172.
Package hyperref Info: Backreferencing OFF on input line 4177.
Package hyperref Info: Implicit mode ON; LaTeX internals redefined.
Package hyperref Info: Bookmarks ON on input line 4424.
\c@Hy@tempcnt=\count278

(C:\Users\ilian\AppData\Local\Programs\MiKTeX\tex/latex/url\url.sty
\Urlmuskip=\muskip17
Package: url 2013/09/16  ver 3.4  Verb mode for urls, etc.
)
LaTeX Info: Redefining \url on input line 4763.
\XeTeXLinkMargin=\dimen146

(C:\Users\ilian\AppData\Local\Programs\MiKTeX\tex/generic/bitset\bitset.sty
Package: bitset 2019/12/09 v1.3 Handle bit-vector datatype (HO)

(C:\Users\ilian\AppData\Local\Programs\MiKTeX\tex/generic/bigintcalc\bigintcalc
.sty
Package: bigintcalc 2019/12/15 v1.5 Expandable calculations on big integers (HO
)
))
\Fld@menulength=\count279
\Field@Width=\dimen147
\Fld@charsize=\dimen148
Package hyperref Info: Hyper figures OFF on input line 6042.
Package hyperref Info: Link nesting OFF on input line 6047.
Package hyperref Info: Hyper index ON on input line 6050.
Package hyperref Info: backreferencing OFF on input line 6057.
Package hyperref Info: Link coloring OFF on input line 6062.
Package hyperref Info: Link coloring with OCG OFF on input line 6067.
Package hyperref Info: PDF/A mode OFF on input line 6072.

(C:\Users\ilian\AppData\Local\Programs\MiKTeX\tex/latex/base\atbegshi-ltx.sty
Package: atbegshi-ltx 2021/01/10 v1.0c Emulation of the original atbegshi
package with kernel methods
)
\Hy@abspage=\count280
\c@Item=\count281
\c@Hfootnote=\count282
)
Package hyperref Info: Driver (autodetected): hpdftex.
(C:\Users\ilian\AppData\Local\Programs\MiKTeX\tex/latex/hyperref\hpdftex.def
File: hpdftex.def 2024-11-05 v7.01l Hyperref driver for pdfTeX

(C:\Users\ilian\AppData\Local\Programs\MiKTeX\tex/latex/base\atveryend-ltx.sty
Package: atveryend-ltx 2020/08/19 v1.0a Emulation of the original atveryend pac
kage
with kernel methods
)
\Fld@listcount=\count283
\c@bookmark@seq@number=\count284

(C:\Users\ilian\AppData\Local\Programs\MiKTeX\tex/latex/rerunfilecheck\rerunfil
echeck.sty
Package: rerunfilecheck 2022-07-10 v1.10 Rerun checks for auxiliary files (HO)

(C:\Users\ilian\AppData\Local\Programs\MiKTeX\tex/generic/uniquecounter\uniquec
ounter.sty
Package: uniquecounter 2019/12/15 v1.4 Provide unlimited unique counter (HO)
)
Package uniquecounter Info: New unique counter `rerunfilecheck' on input line 2
85.
)
\Hy@SectionHShift=\skip51
)
(C:\Users\ilian\AppData\Local\Programs\MiKTeX\tex/latex/tools\multicol.sty
Package: multicol 2024/09/14 v1.9i multicolumn formatting (FMi)
\c@tracingmulticols=\count285
\mult@box=\box52
\multicol@leftmargin=\dimen149
\c@unbalance=\count286
\c@collectmore=\count287
\doublecol@number=\count288
\multicoltolerance=\count289
\multicolpretolerance=\count290
\full@width=\dimen150
\page@free=\dimen151
\premulticols=\dimen152
\postmulticols=\dimen153
\multicolsep=\skip52
\multicolbaselineskip=\skip53
\partial@page=\box53
\last@line=\box54
\mc@boxedresult=\box55
\maxbalancingoverflow=\dimen154
\mult@rightbox=\box56
\mult@grightbox=\box57
\mult@firstbox=\box58
\mult@gfirstbox=\box59
\@tempa=\box60
\@tempa=\box61
\@tempa=\box62
\@tempa=\box63
\@tempa=\box64
\@tempa=\box65
\@tempa=\box66
\@tempa=\box67
\@tempa=\box68
\@tempa=\box69
\@tempa=\box70
\@tempa=\box71
\@tempa=\box72
\@tempa=\box73
\@tempa=\box74
\@tempa=\box75
\@tempa=\box76
\@tempa=\box77
\@tempa=\box78
\@tempa=\box79
\@tempa=\box80
\@tempa=\box81
\@tempa=\box82
\@tempa=\box83
\@tempa=\box84
\@tempa=\box85
\@tempa=\box86
\@tempa=\box87
\@tempa=\box88
\@tempa=\box89
\@tempa=\box90
\@tempa=\box91
\@tempa=\box92
\@tempa=\box93
\@tempa=\box94
\@tempa=\box95
\c@minrows=\count291
\c@columnbadness=\count292
\c@finalcolumnbadness=\count293
\last@try=\dimen155
\multicolovershoot=\dimen156
\multicolundershoot=\dimen157
\mult@nat@firstbox=\box96
\colbreak@box=\box97
\mc@col@check@num=\count294
)
(C:\Users\ilian\AppData\Local\Programs\MiKTeX\tex/latex/float\float.sty
Package: float 2001/11/08 v1.3d Float enhancements (AL)
\c@float@type=\count295
\float@exts=\toks21
\float@box=\box98
\@float@everytoks=\toks22
\@floatcapt=\box99
)
(C:\Users\ilian\AppData\Local\Programs\MiKTeX\tex/latex/amsmath\amsmath.sty
Package: amsmath 2024/11/05 v2.17t AMS math features
\@mathmargin=\skip54

For additional information on amsmath, use the `?' option.
(C:\Users\ilian\AppData\Local\Programs\MiKTeX\tex/latex/amsmath\amstext.sty
Package: amstext 2021/08/26 v2.01 AMS text

(C:\Users\ilian\AppData\Local\Programs\MiKTeX\tex/latex/amsmath\amsgen.sty
File: amsgen.sty 1999/11/30 v2.0 generic functions
\@emptytoks=\toks23
\ex@=\dimen158
))
(C:\Users\ilian\AppData\Local\Programs\MiKTeX\tex/latex/amsmath\amsbsy.sty
Package: amsbsy 1999/11/29 v1.2d Bold Symbols
\pmbraise@=\dimen159
)
(C:\Users\ilian\AppData\Local\Programs\MiKTeX\tex/latex/amsmath\amsopn.sty
Package: amsopn 2022/04/08 v2.04 operator names
)
\inf@bad=\count296
LaTeX Info: Redefining \frac on input line 233.
\uproot@=\count297
\leftroot@=\count298
LaTeX Info: Redefining \overline on input line 398.
LaTeX Info: Redefining \colon on input line 409.
\classnum@=\count299
\DOTSCASE@=\count300
LaTeX Info: Redefining \ldots on input line 495.
LaTeX Info: Redefining \dots on input line 498.
LaTeX Info: Redefining \cdots on input line 619.
\Mathstrutbox@=\box100
\strutbox@=\box101
LaTeX Info: Redefining \big on input line 721.
LaTeX Info: Redefining \Big on input line 722.
LaTeX Info: Redefining \bigg on input line 723.
LaTeX Info: Redefining \Bigg on input line 724.
\big@size=\dimen160
LaTeX Font Info:    Redeclaring font encoding OML on input line 742.
LaTeX Font Info:    Redeclaring font encoding OMS on input line 743.
\macc@depth=\count301
LaTeX Info: Redefining \bmod on input line 904.
LaTeX Info: Redefining \pmod on input line 909.
LaTeX Info: Redefining \smash on input line 939.
LaTeX Info: Redefining \relbar on input line 969.
LaTeX Info: Redefining \Relbar on input line 970.
\c@MaxMatrixCols=\count302
\dotsspace@=\muskip18
\c@parentequation=\count303
\dspbrk@lvl=\count304
\tag@help=\toks24
\row@=\count305
\column@=\count306
\maxfields@=\count307
\andhelp@=\toks25
\eqnshift@=\dimen161
\alignsep@=\dimen162
\tagshift@=\dimen163
\tagwidth@=\dimen164
\totwidth@=\dimen165
\lineht@=\dimen166
\@envbody=\toks26
\multlinegap=\skip55
\multlinetaggap=\skip56
\mathdisplay@stack=\toks27
LaTeX Info: Redefining \[ on input line 2953.
LaTeX Info: Redefining \] on input line 2954.
)
Package hyperref Info: Option `colorlinks' set `true' on input line 10.

(C:\Users\ilian\AppData\Local\Programs\MiKTeX\tex/latex/l3backend\l3backend-pdf
tex.def
File: l3backend-pdftex.def 2024-05-08 L3 backend support: PDF output (pdfTeX)
\l__color_backend_stack_int=\count308
\l__pdf_internal_box=\box102
) (document.aux
LaTeX Info: Redefining \. on input line 11.
LaTeX Info: Redefining \% on input line 11.
)
\openout1 = `document.aux'.

LaTeX Font Info:    Checking defaults for OML/cmm/m/it on input line 16.
LaTeX Font Info:    ... okay on input line 16.
LaTeX Font Info:    Checking defaults for OMS/cmsy/m/n on input line 16.
LaTeX Font Info:    ... okay on input line 16.
LaTeX Font Info:    Checking defaults for OT1/cmr/m/n on input line 16.
LaTeX Font Info:    ... okay on input line 16.
LaTeX Font Info:    Checking defaults for T1/cmr/m/n on input line 16.
LaTeX Font Info:    ... okay on input line 16.
LaTeX Font Info:    Checking defaults for TS1/cmr/m/n on input line 16.
LaTeX Font Info:    ... okay on input line 16.
LaTeX Font Info:    Checking defaults for OMX/cmex/m/n on input line 16.
LaTeX Font Info:    ... okay on input line 16.
LaTeX Font Info:    Checking defaults for U/cmr/m/n on input line 16.
LaTeX Font Info:    ... okay on input line 16.
LaTeX Font Info:    Checking defaults for PD1/pdf/m/n on input line 16.
LaTeX Font Info:    ... okay on input line 16.
LaTeX Font Info:    Checking defaults for PU/pdf/m/n on input line 16.
LaTeX Font Info:    ... okay on input line 16.
LaTeX Info: Redefining \. on input line 16.
LaTeX Info: Redefining \% on input line 16.

(C:\Users\ilian\AppData\Local\Programs\MiKTeX\tex/context/base/mkii\supp-pdf.mk
ii
[Loading MPS to PDF converter (version 2006.09.02).]
\scratchcounter=\count309
\scratchdimen=\dimen167
\scratchbox=\box103
\nofMPsegments=\count310
\nofMParguments=\count311
\everyMPshowfont=\toks28
\MPscratchCnt=\count312
\MPscratchDim=\dimen168
\MPnumerator=\count313
\makeMPintoPDFobject=\count314
\everyMPtoPDFconversion=\toks29
)
(C:\Users\ilian\AppData\Local\Programs\MiKTeX\tex/latex/epstopdf-pkg\epstopdf-b
ase.sty
Package: epstopdf-base 2020-01-24 v2.11 Base part for package epstopdf

(C:\Users\ilian\AppData\Local\Programs\MiKTeX\tex/latex/grfext\grfext.sty
Package: grfext 2019/12/03 v1.3 Manage graphics extensions (HO)
)
Package epstopdf-base Info: Redefining graphics rule for `.eps' on input line 4
85.
Package grfext Info: Graphics extension search list:
(grfext)             [.pdf,.png,.jpg,.mps,.jpeg,.jbig2,.jb2,.PDF,.PNG,.JPG,.JPE
G,.JBIG2,.JB2,.eps]
(grfext)             \AppendGraphicsExtensions on input line 504.

(C:\Users\ilian\AppData\Local\Programs\MiKTeX\tex/latex/00miktex\epstopdf-sys.c
fg
File: epstopdf-sys.cfg 2021/03/18 v2.0 Configuration of epstopdf for MiKTeX
)) (C:\Users\ilian\AppData\Local\Programs\MiKTeX\tex/latex/graphics\color.sty
Package: color 2024/06/23 v1.3e Standard LaTeX Color (DPC)
(C:\Users\ilian\AppData\Local\Programs\MiKTeX\tex/latex/graphics-cfg\color.cfg
File: color.cfg 2016/01/02 v1.6 sample color configuration
)
Package color Info: Driver file: pdftex.def on input line 149.
(C:\Users\ilian\AppData\Local\Programs\MiKTeX\tex/latex/graphics\mathcolor.ltx)
)
Package hyperref Info: Link coloring ON on input line 16.
 (document.out) (document.out)
\@outlinefile=\write3
\openout3 = `document.out'.

<header-ith.png, id=179, 983.675pt x 120.45pt>
File: header-ith.png Graphic file (type png)
<use header-ith.png>
Package pdftex.def Info: header-ith.png  used on input line 24.
(pdftex.def)             Requested size: 345.0pt x 42.2445pt.
<alexander2.jpg, id=181, 705.63625pt x 1284.8pt>
File: alexander2.jpg Graphic file (type jpg)
<use alexander2.jpg>
Package pdftex.def Info: alexander2.jpg  used on input line 44.
(pdftex.def)             Requested size: 71.13188pt x 129.50696pt.


LaTeX Warning: File `usuario.png' not found on input line 53.


! Package pdftex.def Error: File `usuario.png' not found: using draft setting.

See the pdftex.def package documentation for explanation.
Type  H <return>  for immediate help.
 ...                                              
                                                  
l.53 ...\includegraphics[width=2.5cm]{usuario.png}
                                                   \\
Try typing  <return>  to proceed.
If that doesn't work, type  X <return>  to quit.

<itzel.jpg, id=182, 677.53125pt x 907.13907pt>
File: itzel.jpg Graphic file (type jpg)
<use itzel.jpg>
Package pdftex.def Info: itzel.jpg  used on input line 64.
(pdftex.def)             Requested size: 71.13188pt x 95.23164pt.
<luisa.jpg, id=183, 1204.5pt x 1604.99625pt>
File: luisa.jpg Graphic file (type jpg)
<use luisa.jpg>
Package pdftex.def Info: luisa.jpg  used on input line 73.
(pdftex.def)             Requested size: 71.13188pt x 94.77722pt.


[1

{C:/Users/ilian/AppData/Local/MiKTeX/fonts/map/pdftex/pdftex.map} <./header-ith
.png> <./alexander2.jpg> <./itzel.jpg> <./luisa.jpg>] (document.toc
LaTeX Info: Redefining \. on input line 1.
LaTeX Info: Redefining \% on input line 1.



pdfTeX warning (ext4): destination with the same identifier (name{page.1}) has 
been already used, duplicate ignored
<to be read again> 
                   \relax 
l.41 ...pacial y Defensa}{27}{subsubsection.7.2.2}
                                                  % [1])
\tf@toc=\write4
\openout4 = `document.toc'.



[2]
<encoderincremental.png, id=246, 225.84375pt x 140.32425pt>
File: encoderincremental.png Graphic file (type png)
<use encoderincremental.png>
Package pdftex.def Info: encoderincremental.png  used on input line 104.
(pdftex.def)             Requested size: 276.00105pt x 171.51007pt.
<encoderabsoluto.jpg, id=247, 225.84375pt x 153.57375pt>
File: encoderabsoluto.jpg Graphic file (type jpg)
<use encoderabsoluto.jpg>
Package pdftex.def Info: encoderabsoluto.jpg  used on input line 113.
(pdftex.def)             Requested size: 207.0021pt x 140.76933pt.


[3
pdfTeX warning (ext4): destination with the same identifier (name{figure.1}) ha
s been already used, duplicate ignored
<argument> ...shipout:D \box_use:N \l_shipout_box 
                                                  \__shipout_drop_firstpage_...
l.116 		\end{figure}
                     <./encoderincremental.png>]
<potenciometro.png, id=254, 308.95425pt x 384.2355pt>
File: potenciometro.png Graphic file (type png)
<use potenciometro.png>
Package pdftex.def Info: potenciometro.png  used on input line 122.
(pdftex.def)             Requested size: 137.9979pt x 171.62038pt.


[4
pdfTeX warning (ext4): destination with the same identifier (name{figure.2}) ha
s been already used, duplicate ignored
<argument> ...shipout:D \box_use:N \l_shipout_box 
                                                  \__shipout_drop_firstpage_...
l.130 		\item \textbf
                     {Bobina primaria (Lp)}: Recibe una señal de excitació...

pdfTeX warning (ext4): destination with the same identifier (name{figure.3}) ha
s been already used, duplicate ignored
<argument> ...shipout:D \box_use:N \l_shipout_box 
                                                  \__shipout_drop_firstpage_...
l.130 		\item \textbf
                     {Bobina primaria (Lp)}: Recibe una señal de excitació...
 <./encoderabsoluto.jpg> <./potenciometro.png>]
<lvdt.png, id=262, 437.83575pt x 337.86224pt>
File: lvdt.png Graphic file (type png)
<use lvdt.png>
Package pdftex.def Info: lvdt.png  used on input line 139.
(pdftex.def)             Requested size: 241.49895pt x 186.3558pt.


[5
pdfTeX warning (ext4): destination with the same identifier (name{figure.4}) ha
s been already used, duplicate ignored
<argument> ...shipout:D \box_use:N \l_shipout_box 
                                                  \__shipout_drop_firstpage_...
l.146 		
         <./lvdt.png>]
<resolver.png, id=269, 431.81325pt x 175.25475pt>
File: resolver.png Graphic file (type png)
<use resolver.png>
Package pdftex.def Info: resolver.png  used on input line 150.
(pdftex.def)             Requested size: 345.0pt x 140.03015pt.


[6
pdfTeX warning (ext4): destination with the same identifier (name{figure.5}) ha
s been already used, duplicate ignored
<argument> ...shipout:D \box_use:N \l_shipout_box 
                                                  \__shipout_drop_firstpage_...
l.167 		
         <./resolver.png>]
<Diagramatacometro.png, id=282, 407.121pt x 175.857pt>
File: Diagramatacometro.png Graphic file (type png)
<use Diagramatacometro.png>
Package pdftex.def Info: Diagramatacometro.png  used on input line 181.
(pdftex.def)             Requested size: 345.0pt x 149.03102pt.
<sensorhall.png, id=283, 370.38374pt x 227.6505pt>
File: sensorhall.png Graphic file (type png)
<use sensorhall.png>
Package pdftex.def Info: sensorhall.png  used on input line 189.
(pdftex.def)             Requested size: 345.0pt x 212.05318pt.


[7
pdfTeX warning (ext4): destination with the same identifier (name{figure.6}) ha
s been already used, duplicate ignored
<argument> ...shipout:D \box_use:N \l_shipout_box 
                                                  \__shipout_drop_firstpage_...
l.191 	    \end{figure}
                        <./Diagramatacometro.png>]

[8
pdfTeX warning (ext4): destination with the same identifier (name{figure.7}) ha
s been already used, duplicate ignored
<argument> ...shipout:D \box_use:N \l_shipout_box 
                                                  \__shipout_drop_firstpage_...
l.201 	\item $
              E$: módulo de elasticidad del material de la galga <./sensorhall
.png>]
<galgas.png, id=297, 159.59625pt x 121.6545pt>
File: galgas.png Graphic file (type png)
<use galgas.png>
Package pdftex.def Info: galgas.png  used on input line 225.
(pdftex.def)             Requested size: 172.5pt x 131.49069pt.


[9
pdfTeX warning (ext4): destination with the same identifier (name{figure.8}) ha
s been already used, duplicate ignored
<argument> ...shipout:D \box_use:N \l_shipout_box 
                                                  \__shipout_drop_firstpage_...
l.231 		C
         uando un material conductor o semiconductor, como el silicio, se so...
 <./galgas.png>]
<interruptorhall.png, id=304, 161.403pt x 157.7895pt>
File: interruptorhall.png Graphic file (type png)
<use interruptorhall.png>
Package pdftex.def Info: interruptorhall.png  used on input line 236.
(pdftex.def)             Requested size: 172.5pt x 168.6501pt.
<piezoelectric-switch.jpg, id=305, 645.91313pt x 478.78876pt>
File: piezoelectric-switch.jpg Graphic file (type jpg)
<use piezoelectric-switch.jpg>
Package pdftex.def Info: piezoelectric-switch.jpg  used on input line 246.
(pdftex.def)             Requested size: 172.5pt x 127.86469pt.


[10
pdfTeX warning (ext4): destination with the same identifier (name{figure.9}) ha
s been already used, duplicate ignored
<argument> ...shipout:D \box_use:N \l_shipout_box 
                                                  \__shipout_drop_firstpage_...
l.249 		
         <./interruptorhall.png>]
<interruptordelim.png, id=312, 231.86626pt x 187.902pt>
File: interruptordelim.png Graphic file (type png)
<use interruptordelim.png>
Package pdftex.def Info: interruptordelim.png  used on input line 260.
(pdftex.def)             Requested size: 172.5pt x 139.79362pt.
<interruptorneumatico.jpg, id=313, 410.2828pt x 410.2828pt>
File: interruptorneumatico.jpg Graphic file (type jpg)
<use interruptorneumatico.jpg>
Package pdftex.def Info: interruptorneumatico.jpg  used on input line 267.
(pdftex.def)             Requested size: 120.7521pt x 120.75066pt.


[11
pdfTeX warning (ext4): destination with the same identifier (name{figure.10}) h
as been already used, duplicate ignored
<argument> ...shipout:D \box_use:N \l_shipout_box 
                                                  \__shipout_drop_firstpage_...
l.269 		\end{figure}
                    
pdfTeX warning (ext4): destination with the same identifier (name{figure.11}) h
as been already used, duplicate ignored
<argument> ...shipout:D \box_use:N \l_shipout_box 
                                                  \__shipout_drop_firstpage_...
l.269 		\end{figure}
                     <./piezoelectric-switch.jpg> <./interruptordelim.png>]
<sensorpiezoelectrico.png, id=321, 237.88875pt x 170.43675pt>
File: sensorpiezoelectrico.png Graphic file (type png)
<use sensorpiezoelectrico.png>
Package pdftex.def Info: sensorpiezoelectrico.png  used on input line 275.
(pdftex.def)             Requested size: 172.5pt x 123.59337pt.


[12
pdfTeX warning (ext4): destination with the same identifier (name{figure.12}) h
as been already used, duplicate ignored
<argument> ...shipout:D \box_use:N \l_shipout_box 
                                                  \__shipout_drop_firstpage_...
l.280 	\end{itemize}
                    
pdfTeX warning (ext4): destination with the same identifier (name{figure.13}) h
as been already used, duplicate ignored
<argument> ...shipout:D \box_use:N \l_shipout_box 
                                                  \__shipout_drop_firstpage_...
l.280 	\end{itemize}
                     <./interruptorneumatico.jpg> <./sensorpiezoelectrico.png>]
<pressure-transducer.png, id=330, 59.2614pt x 120.45pt>
File: pressure-transducer.png Graphic file (type png)
<use pressure-transducer.png>
Package pdftex.def Info: pressure-transducer.png  used on input line 283.
(pdftex.def)             Requested size: 43.125pt x 87.65575pt.
<sensorproxin.png, id=331, 169.8345pt x 299.31825pt>
File: sensorproxin.png Graphic file (type png)
<use sensorproxin.png>
Package pdftex.def Info: sensorproxin.png  used on input line 301.
(pdftex.def)             Requested size: 103.50105pt x 182.41487pt.


[13
pdfTeX warning (ext4): destination with the same identifier (name{figure.14}) h
as been already used, duplicate ignored
<argument> ...shipout:D \box_use:N \l_shipout_box 
                                                  \__shipout_drop_firstpage_...
l.304 		\subitem
                 \textbf{ 2.Sensor de proximidad capacitivo}: Similar al ind...
 <./pressure-transducer.png>]
<sensorproxcap.png, id=338, 230.66174pt x 150.5625pt>
File: sensorproxcap.png Graphic file (type png)
<use sensorproxcap.png>
Package pdftex.def Info: sensorproxcap.png  used on input line 316.
(pdftex.def)             Requested size: 137.9979pt x 90.07858pt.
<sensorhallsc.png, id=339, 138.5175pt x 118.64325pt>
File: sensorhallsc.png Graphic file (type png)
<use sensorhallsc.png>
Package pdftex.def Info: sensorhallsc.png  used on input line 323.
(pdftex.def)             Requested size: 137.9979pt x 118.1994pt.

Overfull \hbox (18.55734pt too wide) in paragraph at lines 319--325
\OT1/cmr/m/n/10 electr^^Soni-co uti-li-za-do pa-ra me-dir cam-pos magn^^Seti-co
s, apro-ve-chan-do el fen^^Someno
 []



[14
pdfTeX warning (ext4): destination with the same identifier (name{figure.15}) h
as been already used, duplicate ignored
<argument> ...shipout:D \box_use:N \l_shipout_box 
                                                  \__shipout_drop_firstpage_...
l.325 		\end{figure}
                    
pdfTeX warning (ext4): destination with the same identifier (name{figure.16}) h
as been already used, duplicate ignored
<argument> ...shipout:D \box_use:N \l_shipout_box 
                                                  \__shipout_drop_firstpage_...
l.325 		\end{figure}
                     <./sensorproxin.png> <./sensorproxcap.png>]
<sefectohall.png, id=348, 205.9695pt x 196.3335pt>
File: sefectohall.png Graphic file (type png)
<use sefectohall.png>
Package pdftex.def Info: sefectohall.png  used on input line 330.
(pdftex.def)             Requested size: 137.9979pt x 131.53975pt.


[15
pdfTeX warning (ext4): destination with the same identifier (name{figure.17}) h
as been already used, duplicate ignored
<argument> ...shipout:D \box_use:N \l_shipout_box 
                                                  \__shipout_drop_firstpage_...
l.333 		
         <./sensorhallsc.png>]
<sensormicroondas.png, id=355, 143.3355pt x 155.3805pt>
File: sensormicroondas.png Graphic file (type png)
<use sensormicroondas.png>
Package pdftex.def Info: sensormicroondas.png  used on input line 337.
(pdftex.def)             Requested size: 137.9979pt x 149.59981pt.


[16
pdfTeX warning (ext4): destination with the same identifier (name{figure.18}) h
as been already used, duplicate ignored
<argument> ...shipout:D \box_use:N \l_shipout_box 
                                                  \__shipout_drop_firstpage_...
l.352 		
        
pdfTeX warning (ext4): destination with the same identifier (name{figure.19}) h
as been already used, duplicate ignored
<argument> ...shipout:D \box_use:N \l_shipout_box 
                                                  \__shipout_drop_firstpage_...
l.352 		
         <./sefectohall.png> <./sensormicroondas.png>]
<sensormicro.png, id=364, 192.72pt x 157.7895pt>
File: sensormicro.png Graphic file (type png)
<use sensormicro.png>
Package pdftex.def Info: sensormicro.png  used on input line 363.
(pdftex.def)             Requested size: 137.9979pt x 112.98476pt.
<sultra.png, id=365, 324.0105pt x 269.20575pt>
File: sultra.png Graphic file (type png)
<use sultra.png>
Package pdftex.def Info: sultra.png  used on input line 387.
(pdftex.def)             Requested size: 137.9979pt x 114.65944pt.


[17
pdfTeX warning (ext4): destination with the same identifier (name{figure.20}) h
as been already used, duplicate ignored
<argument> ...shipout:D \box_use:N \l_shipout_box 
                                                  \__shipout_drop_firstpage_...
l.390 		C
         álculo de distancia con sensores ultrasónicos: <./sensormicro.png>]
<sensorultra.png, id=372, 311.36325pt x 301.125pt>
File: sensorultra.png Graphic file (type png)
<use sensorultra.png>
Package pdftex.def Info: sensorultra.png  used on input line 400.
(pdftex.def)             Requested size: 137.9979pt x 133.46031pt.
<sensorlaser.png, id=373, 278.84175pt x 284.86424pt>
File: sensorlaser.png Graphic file (type png)
<use sensorlaser.png>
Package pdftex.def Info: sensorlaser.png  used on input line 413.
(pdftex.def)             Requested size: 137.9979pt x 140.98431pt.


[18
pdfTeX warning (ext4): destination with the same identifier (name{figure.21}) h
as been already used, duplicate ignored
<argument> ...shipout:D \box_use:N \l_shipout_box 
                                                  \__shipout_drop_firstpage_...
l.416 		
        
pdfTeX warning (ext4): destination with the same identifier (name{figure.22}) h
as been already used, duplicate ignored
<argument> ...shipout:D \box_use:N \l_shipout_box 
                                                  \__shipout_drop_firstpage_...
l.416 		
         <./sultra.png> <./sensorultra.png>]
<sensordevis.png, id=383, 227.04825pt x 184.2885pt>
File: sensordevis.png Graphic file (type png)
<use sensordevis.png>
Package pdftex.def Info: sensordevis.png  used on input line 431.
(pdftex.def)             Requested size: 137.9979pt x 112.00807pt.
<sensorvision.png, id=384, 199.947pt x 190.311pt>
File: sensorvision.png Graphic file (type png)
<use sensorvision.png>
Package pdftex.def Info: sensorvision.png  used on input line 449.
(pdftex.def)             Requested size: 137.9979pt x 131.35246pt.


[19
pdfTeX warning (ext4): destination with the same identifier (name{figure.23}) h
as been already used, duplicate ignored
<argument> ...shipout:D \box_use:N \l_shipout_box 
                                                  \__shipout_drop_firstpage_...
l.451 		\end{figure}
                    
pdfTeX warning (ext4): destination with the same identifier (name{figure.24}) h
as been already used, duplicate ignored
<argument> ...shipout:D \box_use:N \l_shipout_box 
                                                  \__shipout_drop_firstpage_...
l.451 		\end{figure}
                     <./sensorlaser.png> <./sensordevis.png>]

[20
pdfTeX warning (ext4): destination with the same identifier (name{figure.25}) h
as been already used, duplicate ignored
<argument> ...shipout:D \box_use:N \l_shipout_box 
                                                  \__shipout_drop_firstpage_...
l.465 
       <./sensorvision.png>]

[21]
<giroscopio.png, id=404, 377.0085pt x 355.3275pt>
File: giroscopio.png Graphic file (type png)
<use giroscopio.png>
Package pdftex.def Info: giroscopio.png  used on input line 501.
(pdftex.def)             Requested size: 120.7521pt x 113.81012pt.


[22
pdfTeX warning (ext4): destination with the same identifier (name{figure.26}) h
as been already used, duplicate ignored
<argument> ...shipout:D \box_use:N \l_shipout_box 
                                                  \__shipout_drop_firstpage_...
l.516 	
        <./giroscopio.png>]

[23]
<acelerometro.jpg, id=415, 108.405pt x 108.405pt>
File: acelerometro.jpg Graphic file (type jpg)
<use acelerometro.jpg>
Package pdftex.def Info: acelerometro.jpg  used on input line 552.
(pdftex.def)             Requested size: 120.7521pt x 120.75772pt.


[24
pdfTeX warning (ext4): destination with the same identifier (name{figure.27}) h
as been already used, duplicate ignored
<argument> ...shipout:D \box_use:N \l_shipout_box 
                                                  \__shipout_drop_firstpage_...
l.572 		\item \textbf
                     {Magnetómetros de Efecto Hall}: Detectan cambios de vo...
 <./acelerometro.jpg>]
<magnetometro.png, id=422, 401.5pt x 417.56pt>
File: magnetometro.png Graphic file (type png)
<use magnetometro.png>
Package pdftex.def Info: magnetometro.png  used on input line 609.
(pdftex.def)             Requested size: 120.7521pt x 125.58116pt.


[25]

[26
pdfTeX warning (ext4): destination with the same identifier (name{figure.28}) h
as been already used, duplicate ignored
<argument> ...shipout:D \box_use:N \l_shipout_box 
                                                  \__shipout_drop_firstpage_...
l.632 		\item P
               ermite estimar la biomasa de los cultivos y detectar propieda...
 <./magnetometro.png>]
<lidar.png, id=433, 537.207pt x 365.56575pt>
File: lidar.png Graphic file (type png)
<use lidar.png>
Package pdftex.def Info: lidar.png  used on input line 660.
(pdftex.def)             Requested size: 120.7521pt x 82.17064pt.


[27
pdfTeX warning (ext4): destination with the same identifier (name{figure.29}) h
as been already used, duplicate ignored
<argument> ...shipout:D \box_use:N \l_shipout_box 
                                                  \__shipout_drop_firstpage_...
l.667 \end{document}
                     <./lidar.png>] (document.aux
LaTeX Info: Redefining \. on input line 11.
LaTeX Info: Redefining \% on input line 11.
)
 ***********
LaTeX2e <2024-11-01> patch level 2
L3 programming layer <2025-01-18>
 ***********
Package rerunfilecheck Info: File `document.out' has not changed.
(rerunfilecheck)             Checksum: D4379064B2B4018A2701BB0AB2CB5878;8017.
 ) 
Here is how much of TeX's memory you used:
 11335 strings out of 473529
 181607 string characters out of 5714773
 597680 words of memory out of 5000000
 34333 multiletter control sequences out of 15000+600000
 562537 words of font info for 49 fonts, out of 8000000 for 9000
 1141 hyphenation exceptions out of 8191
 75i,7n,79p,977b,784s stack positions out of 10000i,1000n,20000p,200000b,200000s
 <C:\Users\ilian\AppData\Local\MiKTeX\fonts/pk/ljfour/jknappen/ec/dpi600\tcrm
1000.pk><C:/Users/ilian/AppData/Local/Programs/MiKTeX/fonts/type1/public/amsfon
ts/cm/cmbx10.pfb><C:/Users/ilian/AppData/Local/Programs/MiKTeX/fonts/type1/publ
ic/amsfonts/cm/cmbx12.pfb><C:/Users/ilian/AppData/Local/Programs/MiKTeX/fonts/t
ype1/public/amsfonts/cm/cmmi10.pfb><C:/Users/ilian/AppData/Local/Programs/MiKTe
X/fonts/type1/public/amsfonts/cm/cmmi7.pfb><C:/Users/ilian/AppData/Local/Progra
ms/MiKTeX/fonts/type1/public/amsfonts/cm/cmr10.pfb><C:/Users/ilian/AppData/Loca
l/Programs/MiKTeX/fonts/type1/public/amsfonts/cm/cmr7.pfb><C:/Users/ilian/AppDa
ta/Local/Programs/MiKTeX/fonts/type1/public/amsfonts/cm/cmtt10.pfb>
Output written on document.pdf (28 pages, 3792291 bytes).
PDF statistics:
 498 PDF objects out of 1000 (max. 8388607)
 105 named destinations out of 1000 (max. 500000)
 518 words of extra memory for PDF output out of 10000 (max. 10000000)

